This is METAFONT, Version 2.7182818 (Web2C 2016/NixOS.org) (preloaded base=mf 2018.7.5)  21 DEC 2018 17:15
**file_def.xml.attached iofiles/
(file_def.xml.attached
! A statement can't begin with `<'.
<to be read again> 
                   <
l.1     <
         !--
? 
! Extra tokens will be flushed.
<to be read again> 
                   <
l.1     <
         !--
? 
! Interruption.
l.1     <
         !--
? 
! Interruption.
l.22892 
        
? 
! Interruption.
l.58155 
        
? 
! Interruption.
l.85018 
        
? 
! Interruption.
l.196130 
         
? ^^[^^[^^[
Type <return> to proceed, S to scroll future error messages,
R to run without stopping, Q to run quietly,
I to insert something, E to edit your file,
H for help, X to quit.
? X

